[INFO] Scanning for projects...
[INFO]                                                                         
[INFO] ------------------------------------------------------------------------
[INFO] Building Sample Serenity Cucumber project 0.0.1-SNAPSHOT
[INFO] ------------------------------------------------------------------------
[INFO] 
[INFO] --- maven-enforcer-plugin:1.4:enforce (enforce) @ SerenityOptikPOC ---
[INFO] 
[INFO] --- maven-resources-plugin:2.6:resources (default-resources) @ SerenityOptikPOC ---
[INFO] Using 'UTF-8' encoding to copy filtered resources.
[INFO] skip non existing resourceDirectory D:\Vikrant\CSS_BDD\WebContent\BDD\SerenityOptikPOC\src\main\resources
[INFO] 
[INFO] --- maven-compiler-plugin:3.2:compile (default-compile) @ SerenityOptikPOC ---
[INFO] No sources to compile
[INFO] 
[INFO] --- maven-resources-plugin:2.6:testResources (default-testResources) @ SerenityOptikPOC ---
[INFO] Using 'UTF-8' encoding to copy filtered resources.
[INFO] Copying 4 resources
[INFO] 
[INFO] --- maven-compiler-plugin:3.2:testCompile (default-testCompile) @ SerenityOptikPOC ---
[INFO] Nothing to compile - all classes are up to date
[INFO] 
[INFO] --- maven-surefire-plugin:2.18:test (default-test) @ SerenityOptikPOC ---
[INFO] Tests are skipped.
[INFO] 
[INFO] --- maven-jar-plugin:2.4:jar (default-jar) @ SerenityOptikPOC ---
[WARNING] JAR will be empty - no content was marked for inclusion!
[INFO] 
[INFO] --- maven-failsafe-plugin:2.18:integration-test (default) @ SerenityOptikPOC ---
[INFO] Failsafe report directory: D:\Vikrant\CSS_BDD\WebContent\BDD\SerenityOptikPOC\target\failsafe-reports

-------------------------------------------------------
 T E S T S
-------------------------------------------------------
Running net.serenity.cucumber.InvoiceToMember

1 Scenarios ([32m1 passed[0m)
4 Steps ([32m4 passed[0m)
0m0.184s

Tests run: 5, Failures: 0, Errors: 0, Skipped: 0, Time elapsed: 1.527 sec - in net.serenity.cucumber.InvoiceToMember
Running net.serenity.cucumber.LoginToCyclos

1 Scenarios ([32m1 passed[0m)
3 Steps ([32m3 passed[0m)
0m6.128s

Tests run: 4, Failures: 0, Errors: 0, Skipped: 0, Time elapsed: 10.093 sec - in net.serenity.cucumber.LoginToCyclos
Running net.serenity.cucumber.MemberPaymentImmediately

1 Scenarios ([31m1 failed[0m)
3 Steps ([31m1 failed[0m, [36m2 skipped[0m)
0m5.988s

net.serenitybdd.core.exceptions.SerenityWebDriverException: stale element reference: element is not attached to the page document
  (Session info: chrome=43.0.2357.132)
  (Driver info: chromedriver=2.14.313457 (3d645c400edf2e2c500566c9aa096063e707c9cf),platform=Windows NT 6.1 SP1 x86_64) (WARNING: The server did not provide any stacktrace information)
Command duration or timeout: 22 milliseconds
For documentation on this error, please visit: http://seleniumhq.org/exceptions/stale_element_reference.html
Build info: version: '2.46.0', revision: '61506a4624b13675f24581e453592342b7485d71', time: '2015-06-04 10:22:50'
System info: host: 'DIN52003800', ip: '10.102.19.139', os.name: 'Windows 7', os.arch: 'x86', os.version: '6.1', java.version: '1.8.0_45'
Driver info: org.openqa.selenium.chrome.ChromeDriver
Capabilities [{applicationCacheEnabled=false, rotatable=false, mobileEmulationEnabled=false, chrome={userDataDir=C:\Users\vdheer\AppData\Local\Temp\scoped_dir15836_8051}, takesHeapSnapshot=true, databaseEnabled=false, handlesAlerts=true, version=43.0.2357.132, platform=XP, browserConnectionEnabled=false, nativeEvents=true, acceptSslCerts=true, locationContextEnabled=true, webStorageEnabled=true, browserName=chrome, takesScreenshot=true, javascriptEnabled=true, cssSelectorsEnabled=true}]
Session ID: 3e8dd9df0fffdff414e5846d7e51397f
	at sun.reflect.NativeConstructorAccessorImpl.newInstance0(Native Method)
	at sun.reflect.NativeConstructorAccessorImpl.newInstance(NativeConstructorAccessorImpl.java:62)
	at sun.reflect.DelegatingConstructorAccessorImpl.newInstance(DelegatingConstructorAccessorImpl.java:45)
	at java.lang.reflect.Constructor.newInstance(Constructor.java:422)
	at org.openqa.selenium.remote.ErrorHandler.createThrowable(ErrorHandler.java:204)
	at org.openqa.selenium.remote.ErrorHandler.throwIfResponseFailed(ErrorHandler.java:156)
	at org.openqa.selenium.remote.RemoteWebDriver.execute(RemoteWebDriver.java:605)
	at org.openqa.selenium.remote.RemoteWebElement.execute(RemoteWebElement.java:269)
	at org.openqa.selenium.remote.RemoteWebElement.isDisplayed(RemoteWebElement.java:310)
	at net.thucydides.core.annotations.locators.SmartAjaxElementLocator.isElementUsable(SmartAjaxElementLocator.java:125)
	at net.thucydides.core.annotations.locators.SmartAjaxElementLocator$SlowLoadingElement.isLoaded(SmartAjaxElementLocator.java:209)
	at org.openqa.selenium.support.ui.SlowLoadableComponent.get(SlowLoadableComponent.java:59)
	at net.thucydides.core.annotations.locators.SmartAjaxElementLocator.ajaxFindElement(SmartAjaxElementLocator.java:134)
	at net.thucydides.core.annotations.locators.SmartAjaxElementLocator.findElement(SmartAjaxElementLocator.java:89)
	at net.serenitybdd.core.pages.WebElementFacadeImpl.getElement(WebElementFacadeImpl.java:135)
	at net.serenitybdd.core.pages.WebElementFacadeImpl$4.apply(WebElementFacadeImpl.java:800)
	at net.serenitybdd.core.pages.WebElementFacadeImpl$4.apply(WebElementFacadeImpl.java:798)
	at org.openqa.selenium.support.ui.FluentWait.until(FluentWait.java:209)
	at net.serenitybdd.core.pages.WebElementFacadeImpl.waitUntilEnabled(WebElementFacadeImpl.java:908)
	at net.serenitybdd.core.pages.WebElementFacadeImpl.waitUntilElementAvailable(WebElementFacadeImpl.java:657)
	at net.serenitybdd.core.pages.WebElementFacadeImpl.type(WebElementFacadeImpl.java:559)
	at sun.reflect.NativeMethodAccessorImpl.invoke0(Native Method)
	at sun.reflect.NativeMethodAccessorImpl.invoke(NativeMethodAccessorImpl.java:62)
	at sun.reflect.DelegatingMethodAccessorImpl.invoke(DelegatingMethodAccessorImpl.java:43)
	at java.lang.reflect.Method.invoke(Method.java:497)
	at net.thucydides.core.annotations.locators.AbstractSingleItemHandler.invoke(AbstractSingleItemHandler.java:46)
	at com.sun.proxy.$Proxy23.type(Unknown Source)
	at net.serenity.cucumber.pages.CyclosHomePage.enterCyclosCredentials(CyclosHomePage.java:71)
	at net.serenity.cucumber.steps.serenity.MyFeatureEndUserSteps.enter_Cyclos_Credentials(MyFeatureEndUserSteps.java:21)
	at net.serenity.cucumber.steps.serenity.MyFeatureEndUserSteps$$EnhancerByCGLIB$$4596d1e6.CGLIB$enter_Cyclos_Credentials$1(<generated>)
	at net.serenity.cucumber.steps.serenity.MyFeatureEndUserSteps$$EnhancerByCGLIB$$4596d1e6$$FastClassByCGLIB$$cdb61e89.invoke(<generated>)
	at net.sf.cglib.proxy.MethodProxy.invokeSuper(MethodProxy.java:228)
	at net.thucydides.core.steps.StepInterceptor.invokeMethod(StepInterceptor.java:310)
	at net.thucydides.core.steps.StepInterceptor.invokeMethodAndNotifyFailures(StepInterceptor.java:225)
	at net.thucydides.core.steps.StepInterceptor.runNormalMethod(StepInterceptor.java:218)
	at net.thucydides.core.steps.StepInterceptor.testStepResult(StepInterceptor.java:122)
	at net.thucydides.core.steps.StepInterceptor.intercept(StepInterceptor.java:56)
	at net.serenity.cucumber.steps.serenity.MyFeatureEndUserSteps$$EnhancerByCGLIB$$4596d1e6.enter_Cyclos_Credentials(<generated>)
	at net.serenity.cucumber.steps.CyclosLoginSteps.user_is_logged_in_with_userid_and_password(CyclosLoginSteps.java:31)
	at ?.Given user is logged in with userid "shashiranjan" and password "Capg1234"(src/test/resources/features/Member_Payment_Immediately/Member_Payment_Immediately.feature:8)

Tests run: 4, Failures: 0, Errors: 2, Skipped: 2, Time elapsed: 7.674 sec <<< FAILURE! - in net.serenity.cucumber.MemberPaymentImmediately
Given user is logged in with userid "shashiranjan" and password "Capg1234"(Scenario: Immediate Payment to Registered Contacts)  Time elapsed: 0.005 sec  <<< ERROR!
net.serenitybdd.core.exceptions.SerenityWebDriverException: stale element reference: element is not attached to the page document
  (Session info: chrome=43.0.2357.132)
  (Driver info: chromedriver=2.14.313457 (3d645c400edf2e2c500566c9aa096063e707c9cf),platform=Windows NT 6.1 SP1 x86_64) (WARNING: The server did not provide any stacktrace information)
Command duration or timeout: 22 milliseconds
For documentation on this error, please visit: http://seleniumhq.org/exceptions/stale_element_reference.html
Build info: version: '2.46.0', revision: '61506a4624b13675f24581e453592342b7485d71', time: '2015-06-04 10:22:50'
System info: host: 'DIN52003800', ip: '10.102.19.139', os.name: 'Windows 7', os.arch: 'x86', os.version: '6.1', java.version: '1.8.0_45'
Driver info: org.openqa.selenium.chrome.ChromeDriver
Capabilities [{applicationCacheEnabled=false, rotatable=false, mobileEmulationEnabled=false, chrome={userDataDir=C:\Users\vdheer\AppData\Local\Temp\scoped_dir15836_8051}, takesHeapSnapshot=true, databaseEnabled=false, handlesAlerts=true, version=43.0.2357.132, platform=XP, browserConnectionEnabled=false, nativeEvents=true, acceptSslCerts=true, locationContextEnabled=true, webStorageEnabled=true, browserName=chrome, takesScreenshot=true, javascriptEnabled=true, cssSelectorsEnabled=true}]
Session ID: 3e8dd9df0fffdff414e5846d7e51397f
	at sun.reflect.NativeConstructorAccessorImpl.newInstance0(Native Method)
	at sun.reflect.NativeConstructorAccessorImpl.newInstance(NativeConstructorAccessorImpl.java:62)
	at sun.reflect.DelegatingConstructorAccessorImpl.newInstance(DelegatingConstructorAccessorImpl.java:45)
	at java.lang.reflect.Constructor.newInstance(Constructor.java:422)
	at org.openqa.selenium.remote.ErrorHandler.createThrowable(ErrorHandler.java:204)
	at org.openqa.selenium.remote.ErrorHandler.throwIfResponseFailed(ErrorHandler.java:156)
	at org.openqa.selenium.remote.RemoteWebDriver.execute(RemoteWebDriver.java:605)
	at org.openqa.selenium.remote.RemoteWebElement.execute(RemoteWebElement.java:269)
	at org.openqa.selenium.remote.RemoteWebElement.isDisplayed(RemoteWebElement.java:310)
	at net.thucydides.core.annotations.locators.SmartAjaxElementLocator.isElementUsable(SmartAjaxElementLocator.java:125)
	at net.thucydides.core.annotations.locators.SmartAjaxElementLocator$SlowLoadingElement.isLoaded(SmartAjaxElementLocator.java:209)
	at org.openqa.selenium.support.ui.SlowLoadableComponent.get(SlowLoadableComponent.java:59)
	at net.thucydides.core.annotations.locators.SmartAjaxElementLocator.ajaxFindElement(SmartAjaxElementLocator.java:134)
	at net.thucydides.core.annotations.locators.SmartAjaxElementLocator.findElement(SmartAjaxElementLocator.java:89)
	at net.serenitybdd.core.pages.WebElementFacadeImpl.getElement(WebElementFacadeImpl.java:135)
	at net.serenitybdd.core.pages.WebElementFacadeImpl$4.apply(WebElementFacadeImpl.java:800)
	at net.serenitybdd.core.pages.WebElementFacadeImpl$4.apply(WebElementFacadeImpl.java:798)
	at org.openqa.selenium.support.ui.FluentWait.until(FluentWait.java:209)
	at net.serenitybdd.core.pages.WebElementFacadeImpl.waitUntilEnabled(WebElementFacadeImpl.java:908)
	at net.serenitybdd.core.pages.WebElementFacadeImpl.waitUntilElementAvailable(WebElementFacadeImpl.java:657)
	at net.serenitybdd.core.pages.WebElementFacadeImpl.type(WebElementFacadeImpl.java:559)
	at sun.reflect.NativeMethodAccessorImpl.invoke0(Native Method)
	at sun.reflect.NativeMethodAccessorImpl.invoke(NativeMethodAccessorImpl.java:62)
	at sun.reflect.DelegatingMethodAccessorImpl.invoke(DelegatingMethodAccessorImpl.java:43)
	at java.lang.reflect.Method.invoke(Method.java:497)
	at net.thucydides.core.annotations.locators.AbstractSingleItemHandler.invoke(AbstractSingleItemHandler.java:46)
	at com.sun.proxy.$Proxy23.type(Unknown Source)
	at net.serenity.cucumber.pages.CyclosHomePage.enterCyclosCredentials(CyclosHomePage.java:71)
	at net.serenity.cucumber.steps.serenity.MyFeatureEndUserSteps.enter_Cyclos_Credentials(MyFeatureEndUserSteps.java:21)
	at net.serenity.cucumber.steps.serenity.MyFeatureEndUserSteps$$EnhancerByCGLIB$$4596d1e6.CGLIB$enter_Cyclos_Credentials$1(<generated>)
	at net.serenity.cucumber.steps.serenity.MyFeatureEndUserSteps$$EnhancerByCGLIB$$4596d1e6$$FastClassByCGLIB$$cdb61e89.invoke(<generated>)
	at net.sf.cglib.proxy.MethodProxy.invokeSuper(MethodProxy.java:228)
	at net.thucydides.core.steps.StepInterceptor.invokeMethod(StepInterceptor.java:310)
	at net.thucydides.core.steps.StepInterceptor.invokeMethodAndNotifyFailures(StepInterceptor.java:225)
	at net.thucydides.core.steps.StepInterceptor.runNormalMethod(StepInterceptor.java:218)
	at net.thucydides.core.steps.StepInterceptor.testStepResult(StepInterceptor.java:122)
	at net.thucydides.core.steps.StepInterceptor.intercept(StepInterceptor.java:56)
	at net.serenity.cucumber.steps.serenity.MyFeatureEndUserSteps$$EnhancerByCGLIB$$4596d1e6.enter_Cyclos_Credentials(<generated>)
	at net.serenity.cucumber.steps.CyclosLoginSteps.user_is_logged_in_with_userid_and_password(CyclosLoginSteps.java:31)
	at sun.reflect.NativeMethodAccessorImpl.invoke0(Native Method)
	at sun.reflect.NativeMethodAccessorImpl.invoke(NativeMethodAccessorImpl.java:62)
	at sun.reflect.DelegatingMethodAccessorImpl.invoke(DelegatingMethodAccessorImpl.java:43)
	at java.lang.reflect.Method.invoke(Method.java:497)
	at cucumber.runtime.Utils$1.call(Utils.java:37)
	at cucumber.runtime.Timeout.timeout(Timeout.java:13)
	at cucumber.runtime.Utils.invoke(Utils.java:31)
	at cucumber.runtime.java.JavaStepDefinition.execute(JavaStepDefinition.java:37)
	at cucumber.runtime.StepDefinitionMatch.runStep(StepDefinitionMatch.java:37)
	at cucumber.runtime.Runtime.runStep(Runtime.java:298)
	at cucumber.runtime.model.StepContainer.runStep(StepContainer.java:44)
	at cucumber.runtime.model.StepContainer.runSteps(StepContainer.java:39)
	at cucumber.runtime.model.CucumberScenario.run(CucumberScenario.java:48)
	at cucumber.runtime.junit.ExecutionUnitRunner.run(ExecutionUnitRunner.java:91)
	at cucumber.runtime.junit.FeatureRunner.runChild(FeatureRunner.java:63)
	at cucumber.runtime.junit.FeatureRunner.runChild(FeatureRunner.java:18)
	at org.junit.runners.ParentRunner$3.run(ParentRunner.java:238)
	at org.junit.runners.ParentRunner$1.schedule(ParentRunner.java:63)
	at org.junit.runners.ParentRunner.runChildren(ParentRunner.java:236)
	at org.junit.runners.ParentRunner.access$000(ParentRunner.java:53)
	at org.junit.runners.ParentRunner$2.evaluate(ParentRunner.java:229)
	at org.junit.runners.ParentRunner.run(ParentRunner.java:309)
	at cucumber.runtime.junit.FeatureRunner.run(FeatureRunner.java:70)
	at cucumber.api.junit.Cucumber.runChild(Cucumber.java:93)
	at cucumber.api.junit.Cucumber.runChild(Cucumber.java:37)
	at org.junit.runners.ParentRunner$3.run(ParentRunner.java:238)
	at org.junit.runners.ParentRunner$1.schedule(ParentRunner.java:63)
	at org.junit.runners.ParentRunner.runChildren(ParentRunner.java:236)
	at org.junit.runners.ParentRunner.access$000(ParentRunner.java:53)
	at org.junit.runners.ParentRunner$2.evaluate(ParentRunner.java:229)
	at org.junit.runners.ParentRunner.run(ParentRunner.java:309)
	at cucumber.api.junit.Cucumber.run(Cucumber.java:98)
	at org.apache.maven.surefire.junit4.JUnit4Provider.execute(JUnit4Provider.java:283)
	at org.apache.maven.surefire.junit4.JUnit4Provider.executeWithRerun(JUnit4Provider.java:173)
	at org.apache.maven.surefire.junit4.JUnit4Provider.executeTestSet(JUnit4Provider.java:153)
	at org.apache.maven.surefire.junit4.JUnit4Provider.invoke(JUnit4Provider.java:128)
	at org.apache.maven.surefire.booter.ForkedBooter.invokeProviderInSameClassLoader(ForkedBooter.java:203)
	at org.apache.maven.surefire.booter.ForkedBooter.runSuitesInProcess(ForkedBooter.java:155)
	at org.apache.maven.surefire.booter.ForkedBooter.main(ForkedBooter.java:103)

Scenario: Immediate Payment to Registered Contacts  Time elapsed: 0.005 sec  <<< ERROR!
net.serenitybdd.core.exceptions.SerenityWebDriverException: stale element reference: element is not attached to the page document
  (Session info: chrome=43.0.2357.132)
  (Driver info: chromedriver=2.14.313457 (3d645c400edf2e2c500566c9aa096063e707c9cf),platform=Windows NT 6.1 SP1 x86_64) (WARNING: The server did not provide any stacktrace information)
Command duration or timeout: 22 milliseconds
For documentation on this error, please visit: http://seleniumhq.org/exceptions/stale_element_reference.html
Build info: version: '2.46.0', revision: '61506a4624b13675f24581e453592342b7485d71', time: '2015-06-04 10:22:50'
System info: host: 'DIN52003800', ip: '10.102.19.139', os.name: 'Windows 7', os.arch: 'x86', os.version: '6.1', java.version: '1.8.0_45'
Driver info: org.openqa.selenium.chrome.ChromeDriver
Capabilities [{applicationCacheEnabled=false, rotatable=false, mobileEmulationEnabled=false, chrome={userDataDir=C:\Users\vdheer\AppData\Local\Temp\scoped_dir15836_8051}, takesHeapSnapshot=true, databaseEnabled=false, handlesAlerts=true, version=43.0.2357.132, platform=XP, browserConnectionEnabled=false, nativeEvents=true, acceptSslCerts=true, locationContextEnabled=true, webStorageEnabled=true, browserName=chrome, takesScreenshot=true, javascriptEnabled=true, cssSelectorsEnabled=true}]
Session ID: 3e8dd9df0fffdff414e5846d7e51397f
	at sun.reflect.NativeConstructorAccessorImpl.newInstance0(Native Method)
	at sun.reflect.NativeConstructorAccessorImpl.newInstance(NativeConstructorAccessorImpl.java:62)
	at sun.reflect.DelegatingConstructorAccessorImpl.newInstance(DelegatingConstructorAccessorImpl.java:45)
	at java.lang.reflect.Constructor.newInstance(Constructor.java:422)
	at org.openqa.selenium.remote.ErrorHandler.createThrowable(ErrorHandler.java:204)
	at org.openqa.selenium.remote.ErrorHandler.throwIfResponseFailed(ErrorHandler.java:156)
	at org.openqa.selenium.remote.RemoteWebDriver.execute(RemoteWebDriver.java:605)
	at org.openqa.selenium.remote.RemoteWebElement.execute(RemoteWebElement.java:269)
	at org.openqa.selenium.remote.RemoteWebElement.isDisplayed(RemoteWebElement.java:310)
	at net.thucydides.core.annotations.locators.SmartAjaxElementLocator.isElementUsable(SmartAjaxElementLocator.java:125)
	at net.thucydides.core.annotations.locators.SmartAjaxElementLocator$SlowLoadingElement.isLoaded(SmartAjaxElementLocator.java:209)
	at org.openqa.selenium.support.ui.SlowLoadableComponent.get(SlowLoadableComponent.java:59)
	at net.thucydides.core.annotations.locators.SmartAjaxElementLocator.ajaxFindElement(SmartAjaxElementLocator.java:134)
	at net.thucydides.core.annotations.locators.SmartAjaxElementLocator.findElement(SmartAjaxElementLocator.java:89)
	at net.serenitybdd.core.pages.WebElementFacadeImpl.getElement(WebElementFacadeImpl.java:135)
	at net.serenitybdd.core.pages.WebElementFacadeImpl$4.apply(WebElementFacadeImpl.java:800)
	at net.serenitybdd.core.pages.WebElementFacadeImpl$4.apply(WebElementFacadeImpl.java:798)
	at org.openqa.selenium.support.ui.FluentWait.until(FluentWait.java:209)
	at net.serenitybdd.core.pages.WebElementFacadeImpl.waitUntilEnabled(WebElementFacadeImpl.java:908)
	at net.serenitybdd.core.pages.WebElementFacadeImpl.waitUntilElementAvailable(WebElementFacadeImpl.java:657)
	at net.serenitybdd.core.pages.WebElementFacadeImpl.type(WebElementFacadeImpl.java:559)
	at sun.reflect.NativeMethodAccessorImpl.invoke0(Native Method)
	at sun.reflect.NativeMethodAccessorImpl.invoke(NativeMethodAccessorImpl.java:62)
	at sun.reflect.DelegatingMethodAccessorImpl.invoke(DelegatingMethodAccessorImpl.java:43)
	at java.lang.reflect.Method.invoke(Method.java:497)
	at net.thucydides.core.annotations.locators.AbstractSingleItemHandler.invoke(AbstractSingleItemHandler.java:46)
	at com.sun.proxy.$Proxy23.type(Unknown Source)
	at net.serenity.cucumber.pages.CyclosHomePage.enterCyclosCredentials(CyclosHomePage.java:71)
	at net.serenity.cucumber.steps.serenity.MyFeatureEndUserSteps.enter_Cyclos_Credentials(MyFeatureEndUserSteps.java:21)
	at net.serenity.cucumber.steps.serenity.MyFeatureEndUserSteps$$EnhancerByCGLIB$$4596d1e6.CGLIB$enter_Cyclos_Credentials$1(<generated>)
	at net.serenity.cucumber.steps.serenity.MyFeatureEndUserSteps$$EnhancerByCGLIB$$4596d1e6$$FastClassByCGLIB$$cdb61e89.invoke(<generated>)
	at net.sf.cglib.proxy.MethodProxy.invokeSuper(MethodProxy.java:228)
	at net.thucydides.core.steps.StepInterceptor.invokeMethod(StepInterceptor.java:310)
	at net.thucydides.core.steps.StepInterceptor.invokeMethodAndNotifyFailures(StepInterceptor.java:225)
	at net.thucydides.core.steps.StepInterceptor.runNormalMethod(StepInterceptor.java:218)
	at net.thucydides.core.steps.StepInterceptor.testStepResult(StepInterceptor.java:122)
	at net.thucydides.core.steps.StepInterceptor.intercept(StepInterceptor.java:56)
	at net.serenity.cucumber.steps.serenity.MyFeatureEndUserSteps$$EnhancerByCGLIB$$4596d1e6.enter_Cyclos_Credentials(<generated>)
	at net.serenity.cucumber.steps.CyclosLoginSteps.user_is_logged_in_with_userid_and_password(CyclosLoginSteps.java:31)
	at sun.reflect.NativeMethodAccessorImpl.invoke0(Native Method)
	at sun.reflect.NativeMethodAccessorImpl.invoke(NativeMethodAccessorImpl.java:62)
	at sun.reflect.DelegatingMethodAccessorImpl.invoke(DelegatingMethodAccessorImpl.java:43)
	at java.lang.reflect.Method.invoke(Method.java:497)
	at cucumber.runtime.Utils$1.call(Utils.java:37)
	at cucumber.runtime.Timeout.timeout(Timeout.java:13)
	at cucumber.runtime.Utils.invoke(Utils.java:31)
	at cucumber.runtime.java.JavaStepDefinition.execute(JavaStepDefinition.java:37)
	at cucumber.runtime.StepDefinitionMatch.runStep(StepDefinitionMatch.java:37)
	at cucumber.runtime.Runtime.runStep(Runtime.java:298)
	at cucumber.runtime.model.StepContainer.runStep(StepContainer.java:44)
	at cucumber.runtime.model.StepContainer.runSteps(StepContainer.java:39)
	at cucumber.runtime.model.CucumberScenario.run(CucumberScenario.java:48)
	at cucumber.runtime.junit.ExecutionUnitRunner.run(ExecutionUnitRunner.java:91)
	at cucumber.runtime.junit.FeatureRunner.runChild(FeatureRunner.java:63)
	at cucumber.runtime.junit.FeatureRunner.runChild(FeatureRunner.java:18)
	at org.junit.runners.ParentRunner$3.run(ParentRunner.java:238)
	at org.junit.runners.ParentRunner$1.schedule(ParentRunner.java:63)
	at org.junit.runners.ParentRunner.runChildren(ParentRunner.java:236)
	at org.junit.runners.ParentRunner.access$000(ParentRunner.java:53)
	at org.junit.runners.ParentRunner$2.evaluate(ParentRunner.java:229)
	at org.junit.runners.ParentRunner.run(ParentRunner.java:309)
	at cucumber.runtime.junit.FeatureRunner.run(FeatureRunner.java:70)
	at cucumber.api.junit.Cucumber.runChild(Cucumber.java:93)
	at cucumber.api.junit.Cucumber.runChild(Cucumber.java:37)
	at org.junit.runners.ParentRunner$3.run(ParentRunner.java:238)
	at org.junit.runners.ParentRunner$1.schedule(ParentRunner.java:63)
	at org.junit.runners.ParentRunner.runChildren(ParentRunner.java:236)
	at org.junit.runners.ParentRunner.access$000(ParentRunner.java:53)
	at org.junit.runners.ParentRunner$2.evaluate(ParentRunner.java:229)
	at org.junit.runners.ParentRunner.run(ParentRunner.java:309)
	at cucumber.api.junit.Cucumber.run(Cucumber.java:98)
	at org.apache.maven.surefire.junit4.JUnit4Provider.execute(JUnit4Provider.java:283)
	at org.apache.maven.surefire.junit4.JUnit4Provider.executeWithRerun(JUnit4Provider.java:173)
	at org.apache.maven.surefire.junit4.JUnit4Provider.executeTestSet(JUnit4Provider.java:153)
	at org.apache.maven.surefire.junit4.JUnit4Provider.invoke(JUnit4Provider.java:128)
	at org.apache.maven.surefire.booter.ForkedBooter.invokeProviderInSameClassLoader(ForkedBooter.java:203)
	at org.apache.maven.surefire.booter.ForkedBooter.runSuitesInProcess(ForkedBooter.java:155)
	at org.apache.maven.surefire.booter.ForkedBooter.main(ForkedBooter.java:103)

Running net.serenity.cucumber.MessageToMember

1 Scenarios ([32m1 passed[0m)
3 Steps ([32m3 passed[0m)
0m0.003s

Tests run: 4, Failures: 0, Errors: 0, Skipped: 0, Time elapsed: 0.385 sec - in net.serenity.cucumber.MessageToMember
Java HotSpot(TM) Client VM warning: ignoring option MaxPermSize=256m; support was removed in 8.0

Results :


Tests in error: 
  stale element reference: element is not attached to the page document
  (Session info: chrome=43.0.2357.132)
  (Driver info: chromedriver=2.14.313457 (3d645c400edf2e2c500566c9aa096063e707c9cf),platform=Windows NT 6.1 SP1 x86_64) (WARNING: The server did not provide any stacktrace information)
Command duration or timeout: 22 milliseconds
For documentation on this error, please visit: http://seleniumhq.org/exceptions/stale_element_reference.html
Build info: version: '2.46.0', revision: '61506a4624b13675f24581e453592342b7485d71', time: '2015-06-04 10:22:50'
System info: host: 'DIN52003800', ip: '10.102.19.139', os.name: 'Windows 7', os.arch: 'x86', os.version: '6.1', java.version: '1.8.0_45'
Driver info: org.openqa.selenium.chrome.ChromeDriver
Capabilities [{applicationCacheEnabled=false, rotatable=false, mobileEmulationEnabled=false, chrome={userDataDir=C:\Users\vdheer\AppData\Local\Temp\scoped_dir15836_8051}, takesHeapSnapshot=true, databaseEnabled=false, handlesAlerts=true, version=43.0.2357.132, platform=XP, browserConnectionEnabled=false, nativeEvents=true, acceptSslCerts=true, locationContextEnabled=true, webStorageEnabled=true, browserName=chrome, takesScreenshot=true, javascriptEnabled=true, cssSelectorsEnabled=true}]
Session ID: 3e8dd9df0fffdff414e5846d7e51397f
  stale element reference: element is not attached to the page document
  (Session info: chrome=43.0.2357.132)
  (Driver info: chromedriver=2.14.313457 (3d645c400edf2e2c500566c9aa096063e707c9cf),platform=Windows NT 6.1 SP1 x86_64) (WARNING: The server did not provide any stacktrace information)
Command duration or timeout: 22 milliseconds
For documentation on this error, please visit: http://seleniumhq.org/exceptions/stale_element_reference.html
Build info: version: '2.46.0', revision: '61506a4624b13675f24581e453592342b7485d71', time: '2015-06-04 10:22:50'
System info: host: 'DIN52003800', ip: '10.102.19.139', os.name: 'Windows 7', os.arch: 'x86', os.version: '6.1', java.version: '1.8.0_45'
Driver info: org.openqa.selenium.chrome.ChromeDriver
Capabilities [{applicationCacheEnabled=false, rotatable=false, mobileEmulationEnabled=false, chrome={userDataDir=C:\Users\vdheer\AppData\Local\Temp\scoped_dir15836_8051}, takesHeapSnapshot=true, databaseEnabled=false, handlesAlerts=true, version=43.0.2357.132, platform=XP, browserConnectionEnabled=false, nativeEvents=true, acceptSslCerts=true, locationContextEnabled=true, webStorageEnabled=true, browserName=chrome, takesScreenshot=true, javascriptEnabled=true, cssSelectorsEnabled=true}]
Session ID: 3e8dd9df0fffdff414e5846d7e51397f


Tests run: 17, Failures: 0, Errors: 2, Skipped: 2

[WARNING] File encoding has not been set, using platform encoding Cp1252, i.e. build is platform dependent!
[INFO] 
[INFO] --- serenity-maven-plugin:1.0.50:aggregate (serenity-reports) @ SerenityOptikPOC ---
[INFO] LOADING LOCAL PROPERTIES FROM D:\Vikrant\CSS_BDD\WebContent\BDD\SerenityOptikPOC\serenity.properties 
[INFO] webdriver.driver=chrome
[INFO] webdriver.chrome.driver=D:\WebDriver\chromedriver.exe
[INFO] serenity.outputDirectory=target
[INFO] LOADING LOCAL PROPERTIES FROM D:\Vikrant\CSS_BDD\WebContent\BDD\SerenityOptikPOC\serenity.properties 
[INFO] Reading requirements from net.thucydides.core.requirements.FileSystemRequirementsTagProvider@401749
[INFO] Requirement ancestors for:Requirement{name='Invoice to member', type='capability' parent = 'null', cardNumber='null'} = [Requirement{name='Invoice to member', type='capability' parent = 'null', cardNumber='null'}]
[INFO] Requirement ancestors for:Requirement{name='Invoice to member', type='feature' parent = 'Invoice to member', cardNumber='null'} = [Requirement{name='Invoice to member', type='capability' parent = 'null', cardNumber='null'}, Requirement{name='Invoice to member', type='feature' parent = 'Invoice to member', cardNumber='null'}]
[INFO] Requirement ancestors for:Requirement{name='Login to cyclos', type='capability' parent = 'null', cardNumber='null'} = [Requirement{name='Login to cyclos', type='capability' parent = 'null', cardNumber='null'}]
[INFO] Requirement ancestors for:Requirement{name='Login to cyclos', type='feature' parent = 'Login to cyclos', cardNumber='null'} = [Requirement{name='Login to cyclos', type='capability' parent = 'null', cardNumber='null'}, Requirement{name='Login to cyclos', type='feature' parent = 'Login to cyclos', cardNumber='null'}]
[INFO] Requirement ancestors for:Requirement{name='Member payment immediately', type='capability' parent = 'null', cardNumber='null'} = [Requirement{name='Member payment immediately', type='capability' parent = 'null', cardNumber='null'}]
[INFO] Requirement ancestors for:Requirement{name='Member payment immediately', type='feature' parent = 'Member payment immediately', cardNumber='null'} = [Requirement{name='Member payment immediately', type='capability' parent = 'null', cardNumber='null'}, Requirement{name='Member payment immediately', type='feature' parent = 'Member payment immediately', cardNumber='null'}]
[INFO] Requirement ancestors for:Requirement{name='Message to member', type='capability' parent = 'null', cardNumber='null'} = [Requirement{name='Message to member', type='capability' parent = 'null', cardNumber='null'}]
[INFO] Requirement ancestors for:Requirement{name='Message to member', type='feature' parent = 'Message to member', cardNumber='null'} = [Requirement{name='Message to member', type='capability' parent = 'null', cardNumber='null'}, Requirement{name='Message to member', type='feature' parent = 'Message to member', cardNumber='null'}]
[INFO] Requirements found:[Requirement{name='Invoice to member', type='capability' parent = 'null', cardNumber='null'}, Requirement{name='Login to cyclos', type='capability' parent = 'null', cardNumber='null'}, Requirement{name='Member payment immediately', type='capability' parent = 'null', cardNumber='null'}, Requirement{name='Message to member', type='capability' parent = 'null', cardNumber='null'}]
[INFO] Requirement found for test outcome Cyclos Login functionality.-[]: Optional.of(Requirement{name='Login to cyclos', type='feature' parent = 'Login to cyclos', cardNumber='null'})
[INFO] Requirement found for test outcome Verify Send message functionality.-[]: Optional.of(Requirement{name='Message to member', type='feature' parent = 'Message to member', cardNumber='null'})
[INFO] Requirement found for test outcome Cyclos Login functionality.-[]: Optional.of(Requirement{name='Login to cyclos', type='feature' parent = 'Login to cyclos', cardNumber='null'})
[INFO] Requirement found for test outcome Verify Send message functionality.-[]: Optional.of(Requirement{name='Message to member', type='feature' parent = 'Message to member', cardNumber='null'})
Merging requirements = [Requirement{name='Invoice to member', type='capability' parent = 'null', cardNumber='null'}, Requirement{name='Login to cyclos', type='capability' parent = 'null', cardNumber='null'}, Requirement{name='Member payment immediately', type='capability' parent = 'null', cardNumber='null'}, Requirement{name='Message to member', type='capability' parent = 'null', cardNumber='null'}]
Merging requirements = []
Merged requirements set = [Requirement{name='Invoice to member', type='capability' parent = 'null', cardNumber='null'}, Requirement{name='Login to cyclos', type='capability' parent = 'null', cardNumber='null'}, Requirement{name='Member payment immediately', type='capability' parent = 'null', cardNumber='null'}, Requirement{name='Message to member', type='capability' parent = 'null', cardNumber='null'}]
[INFO] REPORTS GENERATED IN D:\Vikrant\CSS_BDD\WebContent\BDD\SerenityOptikPOC\target
[INFO] REPORT HOME PAGE: D:\Vikrant\CSS_BDD\WebContent\BDD\SerenityOptikPOC\target\index.html
[INFO] Requirement found for test outcome Cyclos Login functionality.-[]: Optional.of(Requirement{name='Login to cyclos', type='feature' parent = 'Login to cyclos', cardNumber='null'})
[INFO] Requirement found for test outcome Verify Send message functionality.-[]: Optional.of(Requirement{name='Message to member', type='feature' parent = 'Message to member', cardNumber='null'})
[INFO] Generating release reports for: [Release{label='Release_1'}, Release{label='Release_2'}, Release{label='Release_3'}, Release{label='Release_4'}]
[INFO] Requirement found for test outcome Cyclos Login functionality.-[]: Optional.of(Requirement{name='Login to cyclos', type='feature' parent = 'Login to cyclos', cardNumber='null'})
[INFO] Requirement found for test outcome Verify Send message functionality.-[]: Optional.of(Requirement{name='Message to member', type='feature' parent = 'Message to member', cardNumber='null'})
[INFO] Requirement found for test outcome Cyclos Login functionality.-[]: Optional.of(Requirement{name='Login to cyclos', type='feature' parent = 'Login to cyclos', cardNumber='null'})
[INFO] Requirement found for test outcome Verify Send message functionality.-[]: Optional.of(Requirement{name='Message to member', type='feature' parent = 'Message to member', cardNumber='null'})
[INFO] Requirement found for test outcome Cyclos Login functionality.-[]: Optional.of(Requirement{name='Login to cyclos', type='feature' parent = 'Login to cyclos', cardNumber='null'})
[INFO] Requirement found for test outcome Verify Send message functionality.-[]: Optional.of(Requirement{name='Message to member', type='feature' parent = 'Message to member', cardNumber='null'})
[INFO] Requirement found for test outcome Cyclos Login functionality.-[]: Optional.of(Requirement{name='Login to cyclos', type='feature' parent = 'Login to cyclos', cardNumber='null'})
[INFO] Requirement found for test outcome Verify Send message functionality.-[]: Optional.of(Requirement{name='Message to member', type='feature' parent = 'Message to member', cardNumber='null'})
[INFO] Requirement found for test outcome Verify Send message functionality.-[]: Optional.of(Requirement{name='Message to member', type='feature' parent = 'Message to member', cardNumber='null'})
[INFO] Requirement found for test outcome Cyclos Login functionality.-[]: Optional.of(Requirement{name='Login to cyclos', type='feature' parent = 'Login to cyclos', cardNumber='null'})
[INFO] Requirement found for test outcome Verify Send message functionality.-[]: Optional.of(Requirement{name='Message to member', type='feature' parent = 'Message to member', cardNumber='null'})
[INFO] Requirement found for test outcome Cyclos Login functionality.-[]: Optional.of(Requirement{name='Login to cyclos', type='feature' parent = 'Login to cyclos', cardNumber='null'})
[INFO] Requirement found for test outcome Cyclos Login functionality.-[]: Optional.of(Requirement{name='Login to cyclos', type='feature' parent = 'Login to cyclos', cardNumber='null'})
[INFO] Requirement found for test outcome Verify Send message functionality.-[]: Optional.of(Requirement{name='Message to member', type='feature' parent = 'Message to member', cardNumber='null'})
[INFO] Requirement found for test outcome Cyclos Login functionality.-[]: Optional.of(Requirement{name='Login to cyclos', type='feature' parent = 'Login to cyclos', cardNumber='null'})
[INFO] Requirement found for test outcome Verify Send message functionality.-[]: Optional.of(Requirement{name='Message to member', type='feature' parent = 'Message to member', cardNumber='null'})
[INFO] Requirement found for test outcome Cyclos Login functionality.-[]: Optional.of(Requirement{name='Login to cyclos', type='feature' parent = 'Login to cyclos', cardNumber='null'})
[INFO] Requirement found for test outcome Verify Send message functionality.-[]: Optional.of(Requirement{name='Message to member', type='feature' parent = 'Message to member', cardNumber='null'})
[INFO] Requirement found for test outcome Cyclos Login functionality.-[]: Optional.of(Requirement{name='Login to cyclos', type='feature' parent = 'Login to cyclos', cardNumber='null'})
[INFO] Requirement found for test outcome Verify Send message functionality.-[]: Optional.of(Requirement{name='Message to member', type='feature' parent = 'Message to member', cardNumber='null'})
[INFO] Requirement found for test outcome Cyclos Login functionality.-[]: Optional.of(Requirement{name='Login to cyclos', type='feature' parent = 'Login to cyclos', cardNumber='null'})
[INFO] Requirement found for test outcome Verify Send message functionality.-[]: Optional.of(Requirement{name='Message to member', type='feature' parent = 'Message to member', cardNumber='null'})
[INFO] Requirement found for test outcome Cyclos Login functionality.-[]: Optional.of(Requirement{name='Login to cyclos', type='feature' parent = 'Login to cyclos', cardNumber='null'})
[INFO] Requirement found for test outcome Verify Send message functionality.-[]: Optional.of(Requirement{name='Message to member', type='feature' parent = 'Message to member', cardNumber='null'})
[INFO] Requirement found for test outcome Verify Send message functionality.-[]: Optional.of(Requirement{name='Message to member', type='feature' parent = 'Message to member', cardNumber='null'})
[INFO] Requirement found for test outcome Cyclos Login functionality.-[]: Optional.of(Requirement{name='Login to cyclos', type='feature' parent = 'Login to cyclos', cardNumber='null'})
[INFO] Requirement found for test outcome Verify Send message functionality.-[]: Optional.of(Requirement{name='Message to member', type='feature' parent = 'Message to member', cardNumber='null'})
[INFO] Requirement found for test outcome Verify Send message functionality.-[]: Optional.of(Requirement{name='Message to member', type='feature' parent = 'Message to member', cardNumber='null'})
[INFO] Requirement found for test outcome Cyclos Login functionality.-[]: Optional.of(Requirement{name='Login to cyclos', type='feature' parent = 'Login to cyclos', cardNumber='null'})
[INFO] Requirement found for test outcome Verify Send message functionality.-[]: Optional.of(Requirement{name='Message to member', type='feature' parent = 'Message to member', cardNumber='null'})
[INFO] Requirement found for test outcome Cyclos Login functionality.-[]: Optional.of(Requirement{name='Login to cyclos', type='feature' parent = 'Login to cyclos', cardNumber='null'})
[INFO] Requirement found for test outcome Cyclos Login functionality.-[]: Optional.of(Requirement{name='Login to cyclos', type='feature' parent = 'Login to cyclos', cardNumber='null'})
[INFO] Requirement found for test outcome Verify Send message functionality.-[]: Optional.of(Requirement{name='Message to member', type='feature' parent = 'Message to member', cardNumber='null'})
[INFO] Requirement found for test outcome Cyclos Login functionality.-[]: Optional.of(Requirement{name='Login to cyclos', type='feature' parent = 'Login to cyclos', cardNumber='null'})
[INFO] 
[INFO] --- maven-failsafe-plugin:2.18:verify (default) @ SerenityOptikPOC ---
[INFO] Failsafe report directory: D:\Vikrant\CSS_BDD\WebContent\BDD\SerenityOptikPOC\target\failsafe-reports
[WARNING] File encoding has not been set, using platform encoding Cp1252, i.e. build is platform dependent!
[INFO] ------------------------------------------------------------------------
[INFO] BUILD FAILURE
[INFO] ------------------------------------------------------------------------
[INFO] Total time: 28.106s
[INFO] Finished at: Mon Jul 25 17:12:32 IST 2016
[INFO] Final Memory: 15M/38M
[INFO] ------------------------------------------------------------------------
[ERROR] Failed to execute goal org.apache.maven.plugins:maven-failsafe-plugin:2.18:verify (default) on project SerenityOptikPOC: There are test failures.
[ERROR] 
[ERROR] Please refer to D:\Vikrant\CSS_BDD\WebContent\BDD\SerenityOptikPOC\target\failsafe-reports for the individual test results.
[ERROR] -> [Help 1]
[ERROR] 
[ERROR] To see the full stack trace of the errors, re-run Maven with the -e switch.
[ERROR] Re-run Maven using the -X switch to enable full debug logging.
[ERROR] 
[ERROR] For more information about the errors and possible solutions, please read the following articles:
[ERROR] [Help 1] http://cwiki.apache.org/confluence/display/MAVEN/MojoFailureException
